classRoomApp/build/outputs/logs/manifest-merger-debug-report.txt
-- Merging decision tree log ---
manifest
ADDED from src\main\AndroidManifest.xml:2:1-119:12
	xmlns:android
		ADDED from src\main\AndroidManifest.xml:2:11-69
	package
		ADDED from src\main\AndroidManifest.xml:3:5-30
		INJECTED from src\main\AndroidManifest.xml
		INJECTED from src\main\AndroidManifest.xml
	android:versionName
		ADDED from src\main\AndroidManifest.xml:5:5-30
		INJECTED from src\main\AndroidManifest.xml
		INJECTED from src\main\AndroidManifest.xml
	android:versionCode
		ADDED from src\main\AndroidManifest.xml:4:5-28
		INJECTED from src\main\AndroidManifest.xml
		INJECTED from src\main\AndroidManifest.xml
supports-screens
ADDED from src\main\AndroidManifest.xml:7:5-12:39
	android:resizeable
		ADDED from src\main\AndroidManifest.xml:11:9-34
	android:largeScreens
		ADDED from src\main\AndroidManifest.xml:9:9-36
	android:anyDensity
		ADDED from src\main\AndroidManifest.xml:8:9-34
	android:normalScreens
		ADDED from src\main\AndroidManifest.xml:10:9-37
	android:smallScreens
		ADDED from src\main\AndroidManifest.xml:12:9-36
uses-sdk
ADDED from src\main\AndroidManifest.xml:14:5-17:16
	android:targetSdkVersion
		ADDED from src\main\AndroidManifest.xml:16:9-38
		INJECTED from src\main\AndroidManifest.xml
		INJECTED from src\main\AndroidManifest.xml
	android:minSdkVersion
		ADDED from src\main\AndroidManifest.xml:15:9-35
		INJECTED from src\main\AndroidManifest.xml
		INJECTED from src\main\AndroidManifest.xml
uses-permission#android.permission.CAMERA
ADDED from src\main\AndroidManifest.xml:20:5-21:23
	android:name
		ADDED from src\main\AndroidManifest.xml:20:22-62
uses-permission#android.permission.WRITE_EXTERNAL_STORAGE
ADDED from src\main\AndroidManifest.xml:22:5-23:23
	android:name
		ADDED from src\main\AndroidManifest.xml:22:22-78
uses-permission#android.permission.ACCESS_NETWORK_STATE
ADDED from src\main\AndroidManifest.xml:24:5-25:23
	android:name
		ADDED from src\main\AndroidManifest.xml:24:22-76
uses-permission#android.permission.ACCESS_FINE_LOCATION
ADDED from src\main\AndroidManifest.xml:26:5-27:23
	android:name
		ADDED from src\main\AndroidManifest.xml:26:22-76
uses-permission#android.permission.ACCESS_WIFI_STATE
ADDED from src\main\AndroidManifest.xml:30:5-31:23
	android:name
		ADDED from src\main\AndroidManifest.xml:30:22-73
uses-permission#android.permission.CHANGE_WIFI_STATE
ADDED from src\main\AndroidManifest.xml:32:5-33:23
	android:name
		ADDED from src\main\AndroidManifest.xml:32:22-73
uses-permission#android.permission.READ_PHONE_STATE
ADDED from src\main\AndroidManifest.xml:34:5-35:23
	android:name
		ADDED from src\main\AndroidManifest.xml:34:22-72
uses-permission#android.permission.INTERNET
ADDED from src\main\AndroidManifest.xml:36:5-67
	android:name
		ADDED from src\main\AndroidManifest.xml:36:22-64
uses-permission#android.permission.ACCESS_COARSE_LOCATION
ADDED from src\main\AndroidManifest.xml:37:5-81
	android:name
		ADDED from src\main\AndroidManifest.xml:37:22-78
uses-permission#android.permission.WAKE_LOCK
ADDED from src\main\AndroidManifest.xml:38:5-68
	android:name
		ADDED from src\main\AndroidManifest.xml:38:22-65
uses-permission#android.permission.WRITE_SETTINGS
ADDED from src\main\AndroidManifest.xml:39:5-73
	android:name
		ADDED from src\main\AndroidManifest.xml:39:22-70
uses-feature#android.hardware.camera
ADDED from src\main\AndroidManifest.xml:41:5-60
	android:name
		ADDED from src\main\AndroidManifest.xml:41:19-57
uses-feature#android.hardware.camera.autofocus
ADDED from src\main\AndroidManifest.xml:42:5-70
	android:name
		ADDED from src\main\AndroidManifest.xml:42:19-67
uses-permission#android.permission.VIBRATE
ADDED from src\main\AndroidManifest.xml:44:5-66
	android:name
		ADDED from src\main\AndroidManifest.xml:44:22-63
uses-permission#android.permission.FLASHLIGHT
ADDED from src\main\AndroidManifest.xml:45:5-69
	android:name
		ADDED from src\main\AndroidManifest.xml:45:22-66
application
ADDED from src\main\AndroidManifest.xml:47:5-117:19
	android:label
		ADDED from src\main\AndroidManifest.xml:51:9-41
	android:allowBackup
		ADDED from src\main\AndroidManifest.xml:49:9-35
	android:icon
		ADDED from src\main\AndroidManifest.xml:50:9-40
	android:theme
		ADDED from src\main\AndroidManifest.xml:52:9-56
	android:name
		ADDED from src\main\AndroidManifest.xml:48:9-57
activity#com.cm.activity.SplashActivity
ADDED from src\main\AndroidManifest.xml:53:9-62:20
	android:label
		ADDED from src\main\AndroidManifest.xml:56:13-45
	android:theme
		ADDED from src\main\AndroidManifest.xml:54:13-66
	android:name
		ADDED from src\main\AndroidManifest.xml:55:13-43
intent-filter#android.intent.action.MAIN+android.intent.category.LAUNCHER
ADDED from src\main\AndroidManifest.xml:57:13-61:29
action#android.intent.action.MAIN
ADDED from src\main\AndroidManifest.xml:58:17-69
	android:name
		ADDED from src\main\AndroidManifest.xml:58:25-66
category#android.intent.category.LAUNCHER
ADDED from src\main\AndroidManifest.xml:60:17-77
	android:name
		ADDED from src\main\AndroidManifest.xml:60:27-74
activity#com.cm.activity.GuideActivity
ADDED from src\main\AndroidManifest.xml:63:9-50
	android:name
		ADDED from src\main\AndroidManifest.xml:63:19-48
activity#com.cm.activity.LoginActivity
ADDED from src\main\AndroidManifest.xml:64:9-66:20
	android:name
		ADDED from src\main\AndroidManifest.xml:64:19-48
activity#com.cm.activity.MainActivity
ADDED from src\main\AndroidManifest.xml:67:9-71:20
	android:windowSoftInputMode
		ADDED from src\main\AndroidManifest.xml:70:13-52
	android:screenOrientation
		ADDED from src\main\AndroidManifest.xml:69:13-49
	android:name
		ADDED from src\main\AndroidManifest.xml:68:13-41
activity#com.cm.activity.RegisterActivity
ADDED from src\main\AndroidManifest.xml:72:9-75:20
	android:screenOrientation
		ADDED from src\main\AndroidManifest.xml:74:13-49
	android:name
		ADDED from src\main\AndroidManifest.xml:73:13-45
activity#com.cm.activity.ScoreListActivity
ADDED from src\main\AndroidManifest.xml:77:9-81:20
	android:windowSoftInputMode
		ADDED from src\main\AndroidManifest.xml:80:13-52
	android:screenOrientation
		ADDED from src\main\AndroidManifest.xml:79:13-49
	android:name
		ADDED from src\main\AndroidManifest.xml:78:13-46
activity#com.cm.activity.JobSubmitActivity
ADDED from src\main\AndroidManifest.xml:82:8-86:20
	android:windowSoftInputMode
		ADDED from src\main\AndroidManifest.xml:85:13-52
	android:screenOrientation
		ADDED from src\main\AndroidManifest.xml:84:13-49
	android:name
		ADDED from src\main\AndroidManifest.xml:83:13-46
activity#com.cm.activity.ChatActivity
ADDED from src\main\AndroidManifest.xml:87:9-91:20
	android:windowSoftInputMode
		ADDED from src\main\AndroidManifest.xml:90:13-52
	android:screenOrientation
		ADDED from src\main\AndroidManifest.xml:89:13-49
	android:name
		ADDED from src\main\AndroidManifest.xml:88:13-41
activity#com.cm.activity.NoticeEditActivity
ADDED from src\main\AndroidManifest.xml:92:9-96:20
	android:windowSoftInputMode
		ADDED from src\main\AndroidManifest.xml:95:13-52
	android:screenOrientation
		ADDED from src\main\AndroidManifest.xml:94:13-49
	android:name
		ADDED from src\main\AndroidManifest.xml:93:13-47
activity#com.cm.activity.NoticeListActivity
ADDED from src\main\AndroidManifest.xml:97:9-101:20
	android:windowSoftInputMode
		ADDED from src\main\AndroidManifest.xml:100:13-52
	android:screenOrientation
		ADDED from src\main\AndroidManifest.xml:99:13-49
	android:name
		ADDED from src\main\AndroidManifest.xml:98:13-47
activity#com.cm.activity.NoticeViewActivity
ADDED from src\main\AndroidManifest.xml:102:9-106:20
	android:windowSoftInputMode
		ADDED from src\main\AndroidManifest.xml:105:13-52
	android:screenOrientation
		ADDED from src\main\AndroidManifest.xml:104:13-49
	android:name
		ADDED from src\main\AndroidManifest.xml:103:13-47
activity#com.cm.activity.JobEditActivity
ADDED from src\main\AndroidManifest.xml:107:10-111:20
	android:windowSoftInputMode
		ADDED from src\main\AndroidManifest.xml:110:13-52
	android:screenOrientation
		ADDED from src\main\AndroidManifest.xml:109:13-49
	android:name
		ADDED from src\main\AndroidManifest.xml:108:13-44
activity#com.cm.activity.JobListActivity
ADDED from src\main\AndroidManifest.xml:112:9-116:20
	android:windowSoftInputMode
		ADDED from src\main\AndroidManifest.xml:115:13-52
	android:screenOrientation
		ADDED from src\main\AndroidManifest.xml:114:13-49
	android:name
		ADDED from src\main\AndroidManifest.xml:113:13-44